[debug] [2025-09-17T17:23:05.509Z] ----------------------------------------------------------------------
[debug] [2025-09-17T17:23:05.514Z] Command:       C:\nvm4w\nodejs\node.exe C:\Users\amaya\AppData\Roaming\npm\node_modules\firebase-tools\lib\bin\firebase.js init
[debug] [2025-09-17T17:23:05.515Z] CLI Version:   13.29.1
[debug] [2025-09-17T17:23:05.515Z] Platform:      win32
[debug] [2025-09-17T17:23:05.516Z] Node Version:  v22.7.0
[debug] [2025-09-17T17:23:05.516Z] Time:          Wed Sep 17 2025 19:23:05 GMT+0200 (hora de verano de Europa central)
[debug] [2025-09-17T17:23:05.516Z] ----------------------------------------------------------------------
[debug] 
[debug] [2025-09-17T17:23:05.522Z] >>> [apiv2][query] GET https://firebase-public.firebaseio.com/cli.json [none]
[debug] [2025-09-17T17:23:05.608Z] > command requires scopes: ["email","openid","https://www.googleapis.com/auth/cloudplatformprojects.readonly","https://www.googleapis.com/auth/firebase","https://www.googleapis.com/auth/cloud-platform"]
[debug] [2025-09-17T17:23:05.608Z] > authorizing via signed-in user (amayapostig@gmail.com)
[info] 
     ######## #### ########  ######## ########     ###     ######  ########
     ##        ##  ##     ## ##       ##     ##  ##   ##  ##       ##
     ######    ##  ########  ######   ########  #########  ######  ######
     ##        ##  ##    ##  ##       ##     ## ##     ##       ## ##
     ##       #### ##     ## ######## ########  ##     ##  ######  ########

You're about to initialize a Firebase project in this directory:

  C:\proyecto-angular\app-carrito

Before we get started, keep in mind:

  * You are currently outside your home directory

[debug] [2025-09-17T17:23:05.986Z] <<< [apiv2][status] GET https://firebase-public.firebaseio.com/cli.json 200
[debug] [2025-09-17T17:23:05.986Z] <<< [apiv2][body] GET https://firebase-public.firebaseio.com/cli.json {"cloudBuildErrorAfter":1594252800000,"cloudBuildWarnAfter":1590019200000,"defaultNode10After":1594252800000,"minVersion":"3.0.5","node8DeploysDisabledAfter":1613390400000,"node8RuntimeDisabledAfter":1615809600000,"node8WarnAfter":1600128000000}
[info] 
=== Project Setup
[info] 
[info] First, let's associate this project directory with a Firebase project.
[info] You can create multiple project aliases by running firebase use --add, 
[info] but for now we'll just set up a default project.
[info] 
[info] i  If you want to create a project in a Google Cloud organization or folder, please use "firebase projects:create" instead, and return to this command when you've created the project. 
[debug] [2025-09-17T17:30:15.165Z] Checked if tokens are valid: false, expires at: 1735952123084
[debug] [2025-09-17T17:30:15.165Z] Checked if tokens are valid: false, expires at: 1735952123084
[debug] [2025-09-17T17:30:15.166Z] > refreshing access token with scopes: []
[debug] [2025-09-17T17:30:15.167Z] >>> [apiv2][query] POST https://www.googleapis.com/oauth2/v3/token [none]
[debug] [2025-09-17T17:30:15.168Z] >>> [apiv2][body] POST https://www.googleapis.com/oauth2/v3/token [omitted]
[debug] [2025-09-17T17:30:15.388Z] <<< [apiv2][status] POST https://www.googleapis.com/oauth2/v3/token 200
[debug] [2025-09-17T17:30:15.388Z] <<< [apiv2][body] POST https://www.googleapis.com/oauth2/v3/token [omitted]
[debug] [2025-09-17T17:30:15.429Z] >>> [apiv2][query] POST https://cloudresourcemanager.googleapis.com/v1/projects [none]
[debug] [2025-09-17T17:30:15.429Z] >>> [apiv2][body] POST https://cloudresourcemanager.googleapis.com/v1/projects {"projectId":"carrito-angular2025","name":"carrito-angular2025"}
[debug] [2025-09-17T17:30:15.867Z] <<< [apiv2][status] POST https://cloudresourcemanager.googleapis.com/v1/projects 200
[debug] [2025-09-17T17:30:15.867Z] <<< [apiv2][body] POST https://cloudresourcemanager.googleapis.com/v1/projects {"name":"operations/create_project.global.4740558526421940964"}
[debug] [2025-09-17T17:30:15.868Z] Checked if tokens are valid: true, expires at: 1758133814389
[debug] [2025-09-17T17:30:15.868Z] Checked if tokens are valid: true, expires at: 1758133814389
[debug] [2025-09-17T17:30:15.869Z] >>> [apiv2][query] GET https://cloudresourcemanager.googleapis.com/v1/operations/create_project.global.4740558526421940964 [none]
[debug] [2025-09-17T17:30:16.481Z] <<< [apiv2][status] GET https://cloudresourcemanager.googleapis.com/v1/operations/create_project.global.4740558526421940964 200
[debug] [2025-09-17T17:30:16.481Z] <<< [apiv2][body] GET https://cloudresourcemanager.googleapis.com/v1/operations/create_project.global.4740558526421940964 {"name":"operations/create_project.global.4740558526421940964","metadata":{"@type":"type.googleapis.com/google.cloudresourcemanager.v1.ProjectCreationStatus","ready":true},"done":true,"error":{"code":8,"message":"The project cannot be created because you have exceeded your allotted project quota.","details":[{"@type":"type.googleapis.com/google.rpc.QuotaFailure","violations":[{"description":"The project cannot be created because you have exceeded your allotted project quota."}]}]}}
[debug] [2025-09-17T17:30:16.621Z] FirebaseError: The project cannot be created because you have exceeded your allotted project quota.
    at OperationPoller.poll (C:\Users\amaya\AppData\Roaming\npm\node_modules\firebase-tools\lib\operation-poller.js:24:19)
    at process.processTicksAndRejections (node:internal/process/task_queues:105:5)
    at async createCloudProject (C:\Users\amaya\AppData\Roaming\npm\node_modules\firebase-tools\lib\management\projects.js:213:29)
    at async createFirebaseProjectAndLog (C:\Users\amaya\AppData\Roaming\npm\node_modules\firebase-tools\lib\management\projects.js:71:9)
    at async promptAndCreateNewProject (C:\Users\amaya\AppData\Roaming\npm\node_modules\firebase-tools\lib\init\features\project.js:32:12)
    at async doSetup (C:\Users\amaya\AppData\Roaming\npm\node_modules\firebase-tools\lib\init\features\project.js:89:27)
    at async init (C:\Users\amaya\AppData\Roaming\npm\node_modules\firebase-tools\lib\init\index.js:41:9)
[error] 
[error] Error: Failed to create project. See firebase-debug.log for more info.
